<?xml version="1.0" encoding="UTF-8"?>
<robot generator="Robot 6.1.1 (Python 3.11.3 on darwin)" generated="20241119 14:36:35.824" rpa="false" schemaversion="4">
<suite id="s1" name="Login" source="/Users/admin/Desktop/Koulu/OHJTuotanto/ohjelmistotuotanto/osa3/login-robot/src/tests/login.robot">
<test id="s1-t1" name="Login With Correct Credentials" line="6">
<kw name="Create User And Input Login Command" type="SETUP">
<kw name="Create User" library="AppLibrary">
<arg>kalle</arg>
<arg>kalle123</arg>
<status status="PASS" starttime="20241119 14:36:35.840" endtime="20241119 14:36:35.841"/>
</kw>
<kw name="Input Login Command" library="resource">
<kw name="Input" library="AppLibrary">
<arg>login</arg>
<status status="PASS" starttime="20241119 14:36:35.841" endtime="20241119 14:36:35.841"/>
</kw>
<status status="PASS" starttime="20241119 14:36:35.841" endtime="20241119 14:36:35.841"/>
</kw>
<status status="PASS" starttime="20241119 14:36:35.840" endtime="20241119 14:36:35.841"/>
</kw>
<kw name="Input Credentials" library="resource">
<arg>kalle</arg>
<arg>kalle123</arg>
<kw name="Input" library="AppLibrary">
<arg>${username}</arg>
<status status="PASS" starttime="20241119 14:36:35.841" endtime="20241119 14:36:35.841"/>
</kw>
<kw name="Input" library="AppLibrary">
<arg>${password}</arg>
<status status="PASS" starttime="20241119 14:36:35.841" endtime="20241119 14:36:35.841"/>
</kw>
<kw name="Run Application" library="AppLibrary">
<status status="PASS" starttime="20241119 14:36:35.841" endtime="20241119 14:38:05.498"/>
</kw>
<status status="PASS" starttime="20241119 14:36:35.841" endtime="20241119 14:38:05.499"/>
</kw>
<kw name="Output Should Contain" library="AppLibrary">
<arg>Logged in</arg>
<msg timestamp="20241119 14:38:05.501" level="FAIL">Output "Logged in" is not in ['']</msg>
<status status="FAIL" starttime="20241119 14:38:05.500" endtime="20241119 14:38:05.502"/>
</kw>
<status status="FAIL" starttime="20241119 14:36:35.840" endtime="20241119 14:38:05.502">Output "Logged in" is not in ['']</status>
</test>
<status status="FAIL" starttime="20241119 14:36:35.825" endtime="20241119 14:38:05.503"/>
</suite>
<statistics>
<total>
<stat pass="0" fail="1" skip="0">All Tests</stat>
</total>
<tag>
</tag>
<suite>
<stat pass="0" fail="1" skip="0" id="s1" name="Login">Login</stat>
</suite>
</statistics>
<errors>
</errors>
</robot>
